build/app/intermediates/manifest_merge_blame_file/debug/manifest-merger-blame-debug-report.txt
1<?xml version="1.0" encoding="utf-8"?>
2<manifest xmlns:android="http://schemas.android.com/apk/res/android"
3    package="com.example.mediagrabber"
4    android:versionCode="1"
5    android:versionName="1.0.0" >
6
7    <uses-sdk
8        android:minSdkVersion="17"
9        android:targetSdkVersion="31" />
10    <!--
11         Flutter needs it to communicate with the running application
12         to allow setting breakpoints, to provide hot reload, etc.
13    -->
14    <uses-permission android:name="android.permission.INTERNET" />
14-->src/debug/AndroidManifest.xml:6:5-66
14-->src/debug/AndroidManifest.xml:6:22-64
15
16    <queries>
16-->[:flutter_inappwebview] AndroidManifest.xml:7:5-11:15
17        <intent>
17-->[:flutter_inappwebview] AndroidManifest.xml:8:9-10:18
18            <action android:name="android.support.customtabs.action.CustomTabsService" />
18-->[:flutter_inappwebview] AndroidManifest.xml:9:13-90
18-->[:flutter_inappwebview] AndroidManifest.xml:9:21-87
19        </intent>
20    </queries>
21
22    <application
23        android:name="android.app.Application"
24        android:appComponentFactory="androidx.core.app.CoreComponentFactory"
24-->[androidx.core:core:1.6.0] AndroidManifest.xml:24:18-86
25        android:debuggable="true"
26        android:icon="@mipmap/ic_launcher"
27        android:label="mediagrabber"
28        android:networkSecurityConfig="@xml/network_security_config" >
29        <activity
30            android:name="com.example.mediagrabber.MainActivity"
31            android:configChanges="orientation|keyboardHidden|keyboard|screenSize|smallestScreenSize|locale|layoutDirection|fontScale|screenLayout|density|uiMode"
32            android:exported="true"
33            android:hardwareAccelerated="true"
34            android:launchMode="singleTop"
35            android:theme="@style/LaunchTheme"
36            android:windowSoftInputMode="adjustResize" >
37
38            <!--
39                 Specifies an Android theme to apply to this Activity as soon as
40                 the Android process has started. This theme is visible to the user
41                 while the Flutter UI initializes. After that, this theme continues
42                 to determine the Window background behind the Flutter UI.
43            -->
44            <meta-data
45                android:name="io.flutter.embedding.android.NormalTheme"
46                android:resource="@style/NormalTheme" />
47
48            <intent-filter>
49                <action android:name="android.intent.action.MAIN" />
50
51                <category android:name="android.intent.category.LAUNCHER" />
52            </intent-filter>
53        </activity>
54        <!--
55             Don't delete the meta-data below.
56             This is used by the Flutter tool to generate GeneratedPluginRegistrant.java
57        -->
58        <meta-data
59            android:name="flutterEmbedding"
60            android:value="2" />
61
62        <activity
62-->[:flutter_inappwebview] AndroidManifest.xml:14:9-17:47
63            android:name="com.pichillilorenzo.flutter_inappwebview.in_app_browser.InAppBrowserActivity"
63-->[:flutter_inappwebview] AndroidManifest.xml:15:13-104
64            android:configChanges="orientation|keyboardHidden|keyboard|screenSize|locale|layoutDirection|fontScale|screenLayout|density"
64-->[:flutter_inappwebview] AndroidManifest.xml:16:13-137
65            android:theme="@style/AppTheme" />
65-->[:flutter_inappwebview] AndroidManifest.xml:17:13-44
66        <activity
66-->[:flutter_inappwebview] AndroidManifest.xml:18:9-20:55
67            android:name="com.pichillilorenzo.flutter_inappwebview.chrome_custom_tabs.ChromeCustomTabsActivity"
67-->[:flutter_inappwebview] AndroidManifest.xml:19:13-112
68            android:theme="@style/ThemeTransparent" />
68-->[:flutter_inappwebview] AndroidManifest.xml:20:13-52
69
70        <receiver android:name="com.pichillilorenzo.flutter_inappwebview.chrome_custom_tabs.ActionBroadcastReceiver" />
70-->[:flutter_inappwebview] AndroidManifest.xml:22:9-120
70-->[:flutter_inappwebview] AndroidManifest.xml:22:19-117
71
72        <meta-data
72-->[:flutter_inappwebview] AndroidManifest.xml:24:9-26:36
73            android:name="io.flutter.embedded_views_preview"
73-->[:flutter_inappwebview] AndroidManifest.xml:25:13-61
74            android:value="true" />
74-->[:flutter_inappwebview] AndroidManifest.xml:26:13-33
75    </application>
76
77</manifest>